<?xml version="1.0" encoding="UTF-8"?>
<!-- Generated by org.testng.reporters.JUnitXMLReporter -->
<testsuite hostname="DESKTOP-8BGKT56" ignored="0" name="Test" tests="1" failures="1" timestamp="2021-05-03T14:26:55 IST" time="75.967" errors="0">
  <testcase name="Ixigo" time="69.434" classname="com.ixigo.testcases.IxigoFlightSearchTest">
    <failure type="java.lang.IndexOutOfBoundsException" message="Index: 168, Size: 168">
      <![CDATA[java.lang.IndexOutOfBoundsException: Index: 168, Size: 168
at java.util.ArrayList.rangeCheck(ArrayList.java:657)
at java.util.ArrayList.get(ArrayList.java:433)
at org.openqa.selenium.support.pagefactory.internal.LocatingElementListHandler.invoke(LocatingElementListHandler.java:39)
at com.sun.proxy.$Proxy12.get(Unknown Source)
at com.ixigo.pages.IxigoFlightSearchResultPage.PriceLessThan7000(IxigoFlightSearchResultPage.java:90)
at com.ixigo.testcases.IxigoFlightSearchTest.Ixigo(IxigoFlightSearchTest.java:33)
at java.util.ArrayList.forEach(ArrayList.java:1257)
... Removed 30 stack frames]]>
    </failure>
  </testcase> <!-- Ixigo -->
</testsuite> <!-- Test -->
